3
5
1
1
999999999999
1
8
14
37
38
10
12
36
291
279203910
10
1
3
1
3
376064
7
927
75
2449
1801
2019
22463
341
492
1504
1566
1346
3281
3458
2621
266
2412
6036
2872
8088
3578
833337
9452948
2592533
2861393
5741134
422897
2666724
2064834
653425
5777060
25
39
13
19
39
29
9
11
25
27
1
940001
8
8
3
2
2
3
1000000000000
5
6
3
754944416
26348839006
2
7
68
12
220
3
2
80
1974
16
6891
124217
8
273
26461
2644946
264483415
5
9
193371
137
38
607647
412
60103
35
2
3
72
23
3
3
213945
16
1411
4
2
2
2
2
4
2
92
1
139
1
1
1643933573
251485720935
1
1
1
1
591
1
1
1
13683
1
1
850000000000
1
1
3
1
905
1
1
1
1
2
538
1
2
1
24
2
482
1
2
