{2, 3, 3, 3}
{2, 4, 7, 11, 14, 17}
{800, 799, 798, 797, 796, 795, 794, 793, 792, 791, 790, 789, 788, 787, 786, 785, 784, 783, 782, 781, 780, 779, 778, 777, 776, 775, 774, 773, 772, 771, 770, 769, 768, 767, 766, 765, 764, 763, 762, 761, 760, 759, 758, 757, 756, 755, 754, 753, 752, 751}
{35, 34, 33, 32, 31, 30, 29, 28, 27, 26, 25, 24, 23, 22, 21, 20, 19, 18, 17, 16, 15, 14, 13, 12, 11, 10, 9, 8, 7, 6, 5, 4, 3, 2, 1}
{91, 91, 90, 89, 88, 87, 86, 85, 84, 83, 82, 81, 80, 79, 78, 77, 76, 75, 74, 73, 72, 71, 70}
{2, 4, 8, 16, 32, 64, 128, 256, 467, 712, 922, 1064, 1140, 1184, 1205, 1216, 1224, 1229}
{2, 4, 8, 16, 32, 64, 128, 256, 477, 738, 956, 1084, 1145, 1178, 1193, 1200, 1205, 1209, 1211, 1211, 1211, 1211, 1210, 1209, 1208, 1207, 1206, 1205, 1204, 1203, 1202, 1201, 1200, 1199, 1198, 1197, 1196, 1195, 1194, 1193, 1192, 1191}
{2, 4, 8, 16, 32, 64, 128, 254, 462}
{2, 4, 8, 16, 32, 64, 128}
{2, 4, 8, 16, 32, 64, 128, 256, 479, 753, 958, 1086, 1143, 1175, 1196, 1206, 1212, 1215, 1215, 1215, 1215, 1215, 1215, 1215, 1214, 1213, 1212, 1211, 1210, 1209, 1208, 1207, 1206, 1205, 1204, 1203, 1202, 1201, 1200, 1199, 1198, 1197, 1196, 1195, 1194, 1193, 1192, 1191}
{334, 815, 862, 869, 876, 883, 890, 897, 904, 911, 916, 921, 926, 931, 935, 939}
{339, 855, 903, 909, 914, 919, 923, 927, 931, 935, 939, 943, 947, 951, 955, 959, 962, 964, 965, 965, 965, 965, 965, 965, 964, 963, 962, 961, 960, 959, 958, 957, 956, 955, 954, 953, 952, 951, 950, 949, 948, 947, 946, 945, 944, 943, 942, 941, 940, 939}
{10, 9, 8, 7, 6, 5, 4, 3, 2, 1}
{163, 254, 283, 303, 319, 333, 343, 351, 359, 365, 369, 371, 372, 371, 370, 369, 368, 367, 366, 365}
{277, 365, 368, 371, 373, 374, 374, 373, 372, 371, 370, 369, 368, 367, 366, 365, 364, 363, 362, 361, 360, 359, 358, 357, 356, 355, 354, 353, 352, 351, 350, 349, 348, 347, 346, 345, 344, 343, 342, 341, 340, 339, 338, 337, 336, 335, 334, 333, 332, 331}
{58, 263, 383, 443, 488, 528, 560, 587, 612, 634, 655, 672, 688, 702, 714, 724, 731, 737, 743, 749, 752, 753, 754, 755, 755, 755, 755, 755, 754, 753, 752, 751, 750, 749, 748, 747, 746, 745, 744, 743, 742, 741}
{135, 227, 283, 329, 370, 408, 440, 469, 498, 521, 542, 561, 576, 590, 603, 616, 627, 637, 647, 657, 667, 677, 687, 697, 707, 716, 723, 730, 735, 739, 742, 744, 744, 743, 742, 741, 740, 739, 738, 737, 736, 735, 734, 733}
{192, 298, 342, 380, 416, 449, 480, 508, 533, 556, 576, 591, 604, 616, 628, 639, 650, 661, 671, 680, 689, 698, 706, 714, 722, 730, 738, 746, 753, 760, 767, 774, 777, 778, 778, 777, 776, 775, 774, 773, 772, 771, 770, 769, 768, 767, 766, 765, 764}
{81, 121, 145, 162, 172, 179, 185, 191, 197, 202, 206, 209, 212, 214, 216, 215, 214, 213, 212, 211, 210, 209, 208, 207, 206, 205, 204, 203, 202, 201, 200, 199, 198, 197, 196, 195, 194, 193, 192, 191, 190}
{81, 111, 132, 146, 158, 169, 179, 189, 197, 202, 207, 211, 213, 215, 215, 214, 213, 212, 211, 210, 209, 208, 207, 206, 205, 204, 203, 202, 201, 200, 199, 198, 197, 196, 195, 194, 193, 192, 191, 190, 189, 188, 187}
{76, 115, 140, 154, 163, 169, 174, 179, 183, 185, 187, 188, 189, 190, 191, 192, 192, 192, 192, 191, 190, 189, 188, 187, 186, 185, 184, 183, 182, 181, 180, 179, 178, 177, 176, 175, 174, 173, 172, 171, 170, 169, 168, 167, 166, 165, 164, 163, 162}
{95, 119, 138, 151, 160, 165, 170, 174, 178, 182, 186, 189, 192, 194, 193, 192, 191, 190, 189, 188, 187, 186, 185, 184, 183, 182, 181, 180, 179, 178, 177, 176, 175, 174, 173, 172, 171, 170, 169, 168, 167, 166, 165, 164, 163, 162, 161, 160, 159}
{65, 92, 116, 136, 149, 159, 168, 175, 180, 183, 186, 188, 190, 192, 194, 194, 193, 192, 191, 190, 189, 188, 187, 186, 185, 184, 183, 182, 181, 180, 179, 178, 177, 176, 175, 174, 173, 172, 171, 170, 169, 168, 167}
{26, 40, 45, 47, 46, 45, 44, 43, 42, 41, 40, 39, 38, 37, 36, 35, 34, 33, 32, 31, 30, 29, 28, 27, 26, 25, 24, 23, 22, 21, 20, 19, 18, 17, 16, 15, 14, 13, 12, 11, 10, 9, 8, 7, 6, 5, 4}
{1}
{2, 3, 4, 5, 6, 7, 8, 9, 10, 11, 12, 13, 14, 15, 16, 17, 18, 19, 20, 21, 22, 23, 24, 25, 25, 25, 25, 25, 25, 25, 25, 25, 25, 25, 25, 25, 25, 25, 25, 25, 25, 25, 25, 25, 25, 25, 25, 25, 25, 25}
{2, 2}
{2, 3, 2, 1}
{4, 3, 2}
{2, 3, 4, 5, 6, 7, 8, 9, 10, 11, 12, 13, 14, 15, 16, 17, 18, 19, 20, 21, 22, 23, 24, 25, 26, 26, 26, 26, 26, 26, 26, 26, 26, 26, 26, 26, 26, 26, 26, 26, 26, 26, 26, 26, 26, 26, 26, 26, 26, 26}
{4, 3, 2, 1}
{4, 3, 2}
{2, 2, 1}
{4, 7, 8, 7, 6, 5, 4, 3, 2, 1}
{4, 3, 2, 1}
{5, 5, 5, 4}
{4, 4, 3}
{3, 5, 4}
