12.727922061357857
4.242640687119286
16.970562748477143
16.970562748477143
33.941125496954285
18.38477631085024
46.66904755831214
50.91168824543143
14.142135623730951
14.142135623730951
14.142135623730951
124.45079348883237
132.93607486307096
12.727922061357857
12.727922061357857
12.727922061357857
111.72287142747452
2035.0533162548838
1691.3994205982217
2660.135710823792
2637.5082938258224
2753.4738059404162
2593.6676733922563
2703.9763312573577
2828.42712474619
1.4142135623730951
158.39191898578665
8.485281374238571
9.899494936611665
158.39191898578665
7.0710678118654755
2828.42712474619
1417.0419894978413
12.727922061357857
9.899494936611665
7.0710678118654755
7.0710678118654755
