5.0
1.0
35.0
62.65384615384616
676.0
7.5
1977.0
416.0
39724.33333333334
67596.0
2.3428571428571434
1832861.2448979593
58.13332034667762
40.542401457906436
56.69938122180508
35.28690703705193
34.738894094762074
1.0000000000006078E-9
2.1548759596472307
335.5
70994.33333333334
1847808.6930693071
1.537975395E8
0.058823529411764705
1.504664459825459E-4
8.034313404792811E-6
2.7999998992000305E-8
4.0
9.0
1.0
5.0
3.0
34.92
0.013303400999508021
3.333333333333334E8
5000.0
5.0
9.000900090009002E-4
0.01628083213142005
2.0
3.333333333333334E8
10.0
9179.048367821179
2.5
1.0
3.333333333333334E8
5.0E8
