5
826192064195
2412152751798
172494922206
2619775228955
596004732771
2746278190378
1505051655067
3203311970591
2343982908067
1747727699689
18745735369
1882041785076
542896026559
1424244849736
199633864720
2781812799054
1732193269752
2500
219410154
179976
74968
4977459607130
12354086
4992049920040
2756104505611
2792748689953
701552611665
465649048881
984558894210
2909204660772
2590763122294
3765129963191
4127838346458
760087510961
99980
162394
190784
0
244589
0
15848324277
0
2491194191182
40078590
0
141389525959
1014354
0
1594359
