{2, 1, 1, 1, 2, 1, 1, 2, 2, 1, 1, 0, 1, 2, 1, 1, 1, 1, 2, 1, 1, 1, 1, 1, 1, 1, 1, 1, 1, 2, 2, 1, 1, 2, 1, 1, 1}
{1, 1, 2, 1, 2, 1, 1, 1, 2, 1, 2, 1, 1, 1, 2, 1, 1, 1, 1, 1, 1, 1, 1, 1, 1, 1, 2, 1, 1, 2, 1, 1, 1, 0, 1, 1, 1, 1, 2, 1, 2}
{1, 1, 1, 1, 1, 1, 1, 1, 1, 1, 1, 1, 0, 1, 1, 1, 1, 1, 1, 1, 1, 1, 1, 1, 1, 1, 1, 1, 1, 1, 1, 1, 1, 1, 1, 1, 1, 1, 1, 1, 1}
{0, 1, 2, 1, 1, 1, 1, 1, 2, 1, 4, 3, 2, 1, 2, 2, 1, 1, 3, 2, 2, 2, 2, 1, 1, 3, 1, 1, 1, 1, 2, 2, 0, 0, 1}
{1, 0, 1}
{4, 1, 0, 3, 1, 4, 2, 2, 3, 0, 2, 2, 2, 3, 1, 1, 3, 0, 1, 3, 3, 2, 1, 0, 4, 5, 2, 3, 0, 1, 2, 2, 4, 3, 0, 2, 4, 2, 3, 3, 2, 2, 3, 4, 5, 2, 0, 0, 1, 4}
{2, 1, 0, 1, 1, 2, 1, 2, 1, 2, 1, 0, 2, 2, 1, 2, 1}
{0, 1, 0}
{1, 0, 2, 2, 1, 2, 1, 1, 1, 2, 1, 1, 0, 2, 0, 1, 3, 0, 1, 1, 2}
{1, 3, 1, 1, 1, 0, 2, 1, 1, 0, 1, 2, 1, 1, 2, 2, 1, 0, 1, 1, 2, 1, 1, 1, 2, 1, 1, 2, 2, 3, 1}
{1, 3, 1, 0, 2, 1, 1, 0, 1, 1, 1, 1, 2, 1, 2, 1, 3, 2, 1, 1, 2}
{2, 2, 1, 1, 2, 4, 1, 1, 1, 1, 2, 0, 2, 2, 1, 1, 1, 1, 3, 1, 3, 2, 2, 3, 3, 1, 2, 0, 4, 2, 0, 2, 2, 2, 1}
{3, 1, 1, 1, 1, 1, 1, 1, 1, 1, 2, 2, 2, 0, 0, 2, 2, 1}
{2, 3, 2, 2, 2, 1, 1, 2, 0, 3, 2, 1, 4, 2, 1, 3, 3, 3, 1, 1, 1, 2, 2, 1, 2, 2, 0, 2, 1, 1, 2, 1, 3}
{2, 3, 2, 1, 1, 2, 2, 1, 2, 1, 0, 2, 1, 1, 3, 2, 2, 2, 0, 1, 2, 2, 1, 3, 1, 2, 2, 1, 1, 2}
{0, 1, 1, 2, 2, 2, 2, 2, 1, 1, 1, 1, 1, 2}
{1, 3, 1, 1, 0, 1, 1, 2, 3, 0, 1, 1, 3, 0, 1, 5, 2, 1}
{2, 3, 2, 1, 1, 2, 1, 1, 3, 2, 1, 1, 2, 3, 2, 3, 1, 1, 1, 1, 1, 1, 1, 2, 2, 2, 2, 1, 2, 1, 1, 1, 1, 2, 2, 1, 2, 1, 1, 1, 1, 1, 2, 2, 1, 0, 1, 2, 1, 1}
{2, 1, 1, 2, 0, 0, 1, 2, 2, 2, 2, 0, 1, 1, 0, 1, 2, 3, 3, 4, 1, 2, 1, 2, 3, 1, 1}
{2, 5, 1, 2, 1, 1, 0, 3, 1, 3, 1, 2, 1, 3, 2, 1, 2, 3, 2, 2, 0, 1, 0, 2, 2, 1, 2, 0, 3}
{0, 1, 1, 0, 0, 1, 0, 0, 0, 1, 0, 0, 0, 0, 0, 0, 0, 0, 0, 1, 0, 2, 0, 0, 0, 0, 0, 0, 0, 0, 0, 2, 0, 0, 0, 0, 1, 0, 0, 0, 0, 1, 0, 0}
{1, 2, 0, 2, 1, 1, 1, 1, 1, 1, 2, 1}
{1, 1, 2, 1, 1, 1, 1, 2, 1, 0, 1}
{0, 2, 1, 1, 1, 1, 1, 1, 1, 1, 2, 1, 1, 2, 1, 1, 1, 1, 1, 1, 1, 1, 1, 1, 1, 2, 1, 1, 1, 1, 1, 2, 1, 1, 1, 2, 2, 1, 1, 1, 2}
{0, 0, 0}
{1, 1, 1, 0, 0}
{2, 4, 1, 3, 1, 1, 0, 1, 5, 5, 2, 0, 1, 5, 2, 2, 4, 2, 3, 2, 2, 2, 2, 2, 5, 3, 2, 3, 0, 4, 3, 3, 0, 4, 3, 1, 2, 2, 2, 3, 5, 4, 3, 1, 4, 0, 2, 1, 4, 0}
{2, 1, 2, 2, 4, 2, 4, 4, 1, 2, 4, 0, 2, 2, 3, 0, 3, 4, 0, 3, 3, 2, 2, 2, 3, 2, 0, 3, 3, 3, 4, 2, 2, 0, 2, 0, 0, 2, 1, 4, 3, 4, 2, 4, 2, 2, 0, 2, 4, 3}
{1, 4, 2, 1, 0, 2, 2, 4, 1, 0, 1, 3, 2, 2, 2, 3, 2, 0, 2, 3, 3, 1, 2, 5, 3, 1, 1, 3, 2, 2, 2, 3, 3, 0, 0, 1, 4, 1, 3, 2, 3, 4, 2, 3, 1, 4, 4, 3, 3, 2}
{2, 1, 1, 1, 2, 1, 1, 1, 1, 2, 1, 1, 1, 2, 1, 1, 1, 1, 1, 1, 1, 1, 1, 1, 1, 1, 1, 2, 0, 1, 1, 1, 1, 1, 1, 1, 1, 1, 2, 1, 1, 1, 1, 1, 1, 2, 1, 1, 1, 1}
{0, 0, 1, 0, 0, 0, 1, 1, 3, 0, 0, 0, 0, 1, 0, 1, 0, 0, 0, 1, 0, 1, 0, 0, 1, 0, 0, 0, 0, 0, 0, 1, 0, 0, 0, 1, 0, 0, 0, 3, 1, 0, 1, 0, 0, 0, 0, 0, 3, 0}
{2, 2, 2, 1, 3, 1, 2, 4, 4, 0, 2, 0, 3, 1, 1, 0, 2, 3, 0, 3, 1, 1, 1, 3, 3, 4, 1, 3, 2, 3, 7, 2, 5, 3, 1, 4, 1, 0, 5, 2, 3, 3, 1, 2, 1, 4, 1, 1, 2, 1}
{0}
{1, 0}
{1, 1, 0, 1, 0, 2, 1, 3, 2, 0, 17, 0, 0, 1, 5, 4, 0, 0, 0, 1, 1, 0, 0, 0, 0, 1, 1, 2, 2, 1, 0, 1, 0, 2, 2, 0, 0, 1, 1, 2, 1, 1, 1, 0, 0, 1, 3, 1, 3, 0}
{0, 0, 0, 32, 0, 1, 0, 0, 0, 0, 0, 0, 3, 1, 3, 0, 1, 1, 0, 2, 0, 0, 0, 0, 0, 0, 1, 1, 0, 0, 0, 0, 0, 1, 1, 0, 0, 0, 0, 0, 1, 0, 1, 0, 2, 0, 1, 0, 0, 0}
{0, 0, 0, 0, 0, 0, 0, 0, 0, 0, 0, 0, 0, 0, 0, 0, 0, 0, 0, 0, 0, 0, 0, 0, 0, 0, 0, 0, 0, 0, 0, 49, 0, 0, 0, 0, 0, 0, 0, 0, 0, 0, 0, 0, 0, 0, 0, 0, 0, 0}
{14, 14, 14, 14, 1, 14, 0, 14, 2, 0, 14, 1, 1, 0, 0, 0, 3, 1, 14, 0, 1, 0, 14, 1, 0, 14, 4, 0, 14, 0, 14, 1, 2, 1, 1, 1, 0, 1, 0, 14, 0, 14, 0, 0, 1, 14, 14, 14, 1, 0}
{0, 13, 1, 0, 3, 1, 0, 0, 13, 1, 1, 2, 0, 1, 0, 13, 1, 1, 0, 2, 0, 1, 13, 13, 3, 1, 1, 13, 0, 1, 0, 0, 13, 1, 1, 1, 0, 13, 2, 0, 3, 13, 2, 0, 1, 2, 13, 13, 2, 0}
{1, 0, 2, 1, 20, 20, 0, 0, 1, 3, 0, 20, 20, 2, 0, 20, 20, 20, 0, 0, 20, 0, 0, 20, 0, 20, 0, 0, 1, 0, 0, 0, 0, 20, 0, 1, 0, 0, 1, 20, 20, 0, 20, 2, 1, 20, 20, 0, 20, 20}
{1, 1, 1, 1, 1, 1, 1, 1, 1, 1, 1, 1, 1, 1, 1, 1, 1, 1, 1, 1, 1, 1, 1, 1, 1, 1, 1, 1, 0, 1, 1, 1, 1, 1, 1, 1, 1, 1, 1, 1, 1, 1, 1, 1, 1, 1, 1, 1, 1, 1}
{1, 1, 1, 0, 0}
{3, 0, 1, 1, 3, 2, 1, 2, 1, 1, 0, 0, 0, 1, 2, 4}
{1, 1, 1, 1, 1, 1, 1, 1, 1, 1, 1, 1, 1, 1, 1, 1, 1, 1, 1, 1, 1, 1, 1, 1, 1, 1, 1, 1, 1, 1, 1, 1, 1, 1, 1, 1, 1, 1, 1, 1, 1, 1, 1, 1, 1, 1, 1, 1, 1, 0}
