10.0
1.414213562373095
-1.0
-1.0
-1.0
-1.0
-1.0
-1.0
-1.0
-1.0
0.9644794251470961
0.9944695714404173
0.9311630570557434
0.9895933446048641
0.5006397696081122
0.9784654171063285
0.8290109440147917
1.0
1.0
1.0
1.0
1.0
100.0
1.1509288756564846
1.3571025593119632
9.462429422585636
3.1997844694936415
2.05177896477014
9.848857801796104
2.823192803157676
3.0
5.0
-2.0
0.7156223647008804
-2.0
4.55401544737385
-2.0
1.0
1.7320508075688772
-2.0
-2.0
-2.0
-1.0
-1.0
-1.0
-1.0
-1.0
-2.0
-1.0
-1.0
-1.0
1.1303025599812826
-1.0
-1.0
-1.0
-1.0
-1.0
-1.0
-1.0
-2.0
-1.0
-1.0
1.0307240644576114
0.6180339887498949
0.9870777697927564
-1.0
-1.0
-1.0
-1.0
0.7548776662466927
-1.0
1.0
0.9708225675355608
-1.0
-1.0
-1.0
-1.0
