75
8088
7387463034
0
98606712
189103509
3268732180
941581612
0
5264736220
44471270100
36852672
145044991
8111314
4557019793
0
1543991306
157427151
956673040
18493437726
34963908
1442474625168
290597328
232208361
0
0
0
900
750875250
750875250
700
12
1
8
57
3
288
4
8
48
1
4
9
88
12
180
10350
1728
72
40
1
56
188
3960
5
21829315775061514
2103351658027
386210801760
4086941400
102733363312109
29833782946758
348921008128
3771882712904
8030743608
62649927755
85909800
2477075695
6576450107
4108249600
552981780
192477204
4104291
2839954560
849209712
3971833
159051151
386123602
244849938
399677354
42460335
0
