1.0
51.96
44.5025826446281
57.64497041420118
52.03061224489796
39.31481481481481
53.2293388429752
45.93572778827977
41.24609375
48.52295918367347
57.64930555555555
56.25694444444445
52.514462809917354
50.480000000000004
44.92013232514177
44.46857142857143
41.582644628099175
50.354550862581796
31.314049586776857
30.680555555555557
51.44970414201183
67.75
67.44970414201183
59.09130752373996
53.73684210526316
51.22055785123967
48.02071005917159
0.0
60.0
11.993055555555555
