{"01", "11"}
{"01111", "11111", "10011", "11111"}
{}
{"000000000000000000000000000000", "000000000000000000000000000000", "000000000000000000000000000000", "000000000000000000000000000000", "000000000000000000000000000000", "000000000000000000000000000000", "000000000000000000000000000000", "000000000000000000000000000000", "000000000000000000000000000000", "000000000000000000000000000000", "000000000000000000000000000000", "000000000000000000000000000000", "000000000000000000000000000000", "000000000000000000000000000000", "000000000000000000000000000000", "000000000000000000000000000000", "000000000000010000000000000000", "000000000000001000000000000000", "000000000000000000000000000000", "000000000000000000000000000000", "000000000000000000000000000000", "000000000000000000000000000000", "000000000000000000000000000000", "000000000000000000000000000000", "000000000000000000000000000000", "000000000000000000000000000000", "000000000000000000000000000000", "000000000000000000000000000000", "000000000000000000000000000000", "000000000000000000000000000000"}
{"000000000101010011100", "101110010100000000111", "011101110011101100101", "000010001010000110100", "101001101000100000011", "111000111111010001111", "111100001001001000100", "110101111001101001010", "100111100100100101010", "110011010101110111110", "011101011001010100010", "000101011101010000011", "000111111001100010100"}
{"011000100", "001100100", "000110011", "010001010"}
{"00011001010101001", "00101101101001110", "00010001011010001", "00001110000001011", "01000001100010000", "01011000010010100", "10110000101100100", "11001010110001111", "11100100111111010", "00000010101001110", "10010011011011111", "00011000100000001", "10110101000000010", "01011100101000101"}
{"01010011110111110110111010010", "01110000011011010000100101100", "10011110101010000100010001100", "11001110110001001000000010000", "00010010000110100101101011001", "01111010111010101110111010011"}
{"001110100011111111110111110", "100010011000010110010000010", "010000110110000000010101001", "000100101011110000000110001", "100010110100001010010000111"}
{"00000100111111", "01101001101001", "10011110110111", "01111101110000", "11000010110111", "10101111000100", "10000011011111", "11110101000000", "10000000010100", "10011111001110", "00101001111000", "10100100100001", "00010011010100", "10111001111101", "11110110011000", "10011001001111", "11100010100000", "10010111001100", "01000001000111", "10110000101100", "11000000101000", "00100110010011", "10001000011101", "11110000010001", "01111001001101"}
{"10", "00", "01", "00", "10", "01", "10", "11", "11", "10", "10", "00", "01"}
{"101001011010011101101", "011111001000001001111", "000001011111110001000", "101010111100100101001", "011110000010101100001", "011001000110001011100"}
{"00110", "00100", "01000", "01010", "01001", "01110", "11101", "10101", "10110", "10011", "10101", "10101", "01010", "10110", "11100", "11110", "00100", "01100", "11000", "00111", "01011", "11101", "10100", "11111", "10110", "00001", "00000"}
{"00", "01", "00", "00", "10", "10"}
{"1111011100111000111", "1001001001001101001", "0001010011010011010", "0000011100010110110", "0100111011011101111", "0010001000001001101", "1010000000110100110", "0001111010110110011", "0110111001010111000", "0010111011110000001"}
{"0010111001", "1000010011", "1001011101", "0100110100", "1001110000", "1001000001", "0110111010", "1001111010", "0001011100", "1110101001", "0001100010", "1010110001", "1100110011", "1100100100"}
{"00000001110010110111", "11000100000000001101", "10011000110000011001", "01000010011010010001", "11011001000011010110", "00100110111011111010", "00000101001101010011", "01110101111011101100", "01001111101100111001", "11000011000110110000", "10000101100001000100", "01111100000100011011", "11101100111000010101", "00111101000011101100", "11010101001111110011", "10010110110000101100", "10011101011001010100", "10011101001100101111", "00111010111110101110", "01001010100010001000", "01100000011000101010", "00010000111010011101", "01010111010011110100", "11111000100001000010", "01100111100110100000", "10001110110110110110", "01000010101110000011", "01001001000010110010"}
{"01001010110100011110001110110", "11111100010100000100011011011", "00010110011101011000010010011", "10001001000000001100100001010", "11010011011011010100100011001", "01100000110010101101100111000", "00110001101010101010000010010", "01100001001100011010011010100", "11000111010011011000010000001", "10000000110000011101101001001", "00110001000101100100011100011", "11101110001000010001101100110", "10001101000001000100010010000", "11111001011010000000010000101", "00001100001011011110101001011", "10001100001101011000001000110", "00000001101001011010000000110", "01010110010001110010100000000", "00101000011101011100011010011", "01110010000000111001011001111", "01100010001000100110010011111", "10011000100101110000111111101", "10000111001000010010110010001", "00101111011001010011100010010", "01001010001010001100001100001", "00110011010111101111111101010", "00000011111111111111000111110", "10011000110010011010010111111"}
{"0011", "1010", "1101", "0000", "1010", "0011"}
{"01", "10", "01", "00", "11", "10", "11"}
{"001", "001", "110", "000", "111", "101", "010", "111", "001", "001", "011", "110", "100", "000", "110", "111", "100", "101", "111", "100", "000", "010", "011", "100", "111"}
{"0111", "0111", "0001", "0111", "0111", "0000", "0100", "1011", "1000", "1101", "0111", "0100", "0000", "1011", "0111", "0011", "0000", "1010", "1000", "1110", "1011", "1001", "0000", "1101", "1000", "1100"}
{"110000100101100001101000101", "000000010100000111100100010", "111101010000100101011100110", "010011010000000100001100000", "110110000000110010111001000", "001101010000000011001001010", "110100011101111110100111001", "010110101011111110010101101", "010000011010010001100010000", "110000000010001100000100111", "010101001000111010011010000", "111000010100000100110001001", "111111000001110100011111000", "101110010001000001100000000", "000001010001000000000110000", "001011001001000100011100010", "100100000001001011100000000", "101100010001000000001111010", "100110100010001010100010000", "100110010001000000000110111", "111011010001100100100101010", "110100000001010001000100011", "010110110011000101111000000", "010010101011111011011011001", "011010000110010111110001111", "000110011101001110000001001", "110011100011111010010100011"}
{"10100000010101000011011", "01001111011101001000101", "01111111000001101100011"}
{"00000", "00000", "00101", "01010", "00101", "01100", "11011", "01001", "00010", "01100", "01011", "10000", "10000", "10001", "00001", "11000", "01100", "01001", "10000", "00011", "10001", "01100", "10011", "00000", "00001", "10100"}
{"01100000000000010000100", "01010011011011000011110", "10111100001011101100101", "00000111011000101101000", "00100100001001000000000", "10010011010000000000001", "10000100100000000111010", "01011100000101100101100", "01000011100111111100010", "10110010000110100100000", "10001010100011101010111", "10101000110000001001001", "00111000110101000100001", "00010100000100000010000", "01001000100010000001000", "00100000001110100001001", "00010011100101000000010", "00001010100011100000001", "10010100100110001000101", "11000010100001101000110", "10111011001000000100100", "10110001001010010000010"}
{"0100000", "0011110", "1110110", "0000000", "0001100", "1101010", "1000001", "0011100", "1011000", "0101001", "0000111", "1110101", "0000000", "0111001", "0101010", "0000100", "0001101", "0100011", "0110000", "1000000", "0010000", "0011000", "0001111", "0000101", "0000110"}
{"000011011010010110011010", "011010000011001001000001", "100010000010010100011100", "000000000010000010101100", "001101000011000010000100", "010000100000101100000000", "110101000001000000010000", "010001000101100000000101", "001000001000000101000000", "100100010100100100001000", "001010010000100100010010", "000111010100000000111000", "010100000011000000110000", "010010000001000010000001", "100010111001011101000001", "000000111100000001010000", "001000000001000100011001", "101001000001100100000000", "111010011100101010001010", "100010100000000110000001", "000001101001100100101010", "000010100100001000000011", "101011101001110000000000", "000001000000001000000100", "000101011000101101010000", "000001000000001011101111", "000110000000010001101011", "001000001010001111000001", "101110010000111000110100", "000010011100010111110101"}
{"0010000011001101000000000000", "0000001000111100101000101100", "0001100100010110001010110100"}
{"010000100", "000111000"}
{"00101000000000000000010101100", "10110000001100001001101010000", "00001111000001001001100000000", "00000100100010100000100100100", "00000000000000011000000011000", "10110110111000000000000000010", "00110010000000000000001000000", "10000101100011001001001000000", "00010010000011000000010101000", "00010000100100000110000001010", "00000100011000110110001000000", "00000010000000011010000001011", "11001100001100001100010000110", "00001001101000100110000000000", "00000000000000110110000001010", "00001000000000010100010001001", "00000000110110101110000000110", "00101000000011110001000000000", "00000010001010000000010011001", "00000000010100010000010000100", "10101001011000010111101010110", "01000000011101100100001000000", "01000001000101010001000000010", "00001111010000000111010000001", "00010110000000000000001000110", "00000101000001001001100101000"}
{"00000011", "01000000", "10001000", "00010000", "00100001", "00010000", "10100010", "01101100", "10101011"}
{"000000000000", "101000001100", "000100000001", "000000000100", "000000000100", "010000001100", "000010000000", "000000000001", "001000000000", "000000000000", "000000110011", "010100000001", "000000001000", "010000000000", "000000100100", "100000000001", "111101010101", "000000111000", "100000011100", "000000000000", "000000100000", "100010000001", "000010001000", "000000000000", "101100001000", "000001000000", "001000100001", "001011000000", "000001011000"}
{"00011", "00001", "00000", "00000", "00001", "10001", "01001", "10000", "00000", "10001", "00000", "00000"}
{"000000000000000", "000001000100000", "000100000000000", "000010000000010", "000000000010000", "000000000001010"}
{"010000000000000000", "000000000000000000"}
{"00000000", "01000010", "00000000", "10000100", "10010000", "01100000", "00000010", "00000000", "00100000", "00000000", "00000000"}
{"00111", "00111", "11111", "11111"}
{}
{"10", "11"}
{"001", "101"}
{"01", "11"}
{"00", "10"}
{"00", "10"}
{"00", "00"}
{"000000000000000000000000000000", "000000000000000000000000000000", "000000000000000000000000000000", "000000000000000000000000000000", "000000000000000000000000000000", "000000000000000000000000000000", "000000000000000000000000000000", "000000000000000000000000000000", "000000000000000000000000000000", "000000000000000000000000000000", "000000000000000000000000000000", "000000000000000000000000000000", "000000000000000000000000000000", "000000000000000000000000000000", "000000000000000000000000000000", "000000000000000000000000000000", "000000000000000000000000000000", "000000000000000000000000000000", "000000000000000000000000000000", "000000000000000000000000000000", "000000000000000000000000000000", "000000000000000000000000000000", "000000000000000000000000000000", "000000000000000000000000000000", "000000000000000000000000000000", "000000000000000000000000000000", "000000000000000000000000000000", "000000000000000000000000000000", "000000000000000000000000000000", "000000000000000000000000000000"}
