1
120
99
6
1
9
42
27
24
86
70
1
63
26
863
820
261
112
882
106
370
675
6
859
7704
2742
1755
2965
7815
2730
1453
5685
4590
345
55312
6576
45648
67470
42096
65966
58294
34213
29937
10407
70838
857654
369027
626809
764439
758498
758393
608523
96870
366654
2942944
1434764
48555
8360460
2441760
6616612
2439665
151466
7265913
2645983
65277274
87359764
79902799
88076204
72256331
86146671
11739655
8710355
15362898
54884991
384188891
69270851
596872746
436304739
163292807
653319577
468010252
849617136
625675044
50475982
8443792628
8325609118
8891439990
3291783189
58603244
1304843777
1136259302
8126328832
340157670
6974165194
62424683757
51373342511
44867375625
92177116771
69382451719
52589587409
68600280996
5594775364
61492392322
34231813010
1221
642222
54395388254
9999899989
9
2
92341234123
1327126
123
11111111173
24242424242
