1600.0
2727.2895312339606
150.77236822011
814.65984708724
752.2405860387099
455.84608085874
284.85998450734996
8024527.023312066
1.1631775457841028E7
2.057745700958079E7
4748320.519373917
8097765.337623891
2319033.010298893
1.6127364656694233E7
9804609.057650805
2652649.915929699
6608386.5100382455
1.5714343426196935E7
7124858.432272707
1.5947516066757236E7
1.94701201527944E7
4148797.4588583056
1.0398722880646821E7
1902107.3417628752
596694.4178763353
1.732347920712179E7
1.1056282316487936E7
1930935.5053420984
5923424.144236698
1.6091014160314474E7
8598598.78581392
1.0368535472288646E7
1.1209202989910834E7
5077288.243840036
1385353.5088081
2214920.917573066
5577135.123050791
1.1209202989910834E7
5077288.243840036
1385353.5088081
2214920.917573066
5577135.123050791
51313.61182905
40590.608212775
63551.779155865
79661.06654307
17866.474322891998
3210866.090321322
1.4492246797892898E7
6393789.225528908
48262.625817151806
206096.30533799998
0.0
225632.20786249998
249271.1694522
260281.36585989996
9890.559194526155
3358.234405323023
450.0
0.0
400.0
600.0
2.0
14142.13562373095
600.0
1.4142135623730951
1414213.562373095
1.0
6.766597722404855
200000.0
1000000.0
2.0
45.0
282.842712474619
0.0
3.0
8.0
17.595923996217568
1180.7134944638935
0.0
0.0
