0
30
41999999900
0
0
0
0
0
134217727664455680
1582266693126005
248543110022591703
12732129992
5234488705
15276602842
2844454024
18728242127
9014193756
17542887656
10509345116
12366284231
7852426456
8435745325
10362845537
12659771903
12126576372
7318871988
14999518316
9461274748
14089446916
7997872535
9651148222
15875954003
8535101260
15229068977
10195027755
11843337945
15378449475
6744410290
14096823534
15694355702
8159951115
12478609233
7415984809
10697468157
7856328439
9673658253
6930314852
8589005176
9787087147
5186257161
51053469600000002
42488576800000081
46264896400000029
67766238400000040
50050232800000026
74109356292510144
25954992494319200
112512463994036346
172426826059793021
63129360015677741
2399999902
2799999895
33
400000000
31390852187476688
925174
15067624105
71390566250892
1753454751116189
1599999999952001
29999999900000001
