19
1370974
2362514
942382
1273866
439306
505082
3641466
2744225
8789638
1101188
602046
971995
7740051
4312000
2055680
2471909
575290
797105
745197
1099989
1111100
755548
1444443
988879
588883
5555550
744437
755548
1111110
5888883
3333333
6888882
877769
1077767
344441
755548
788881
6111105
6222216
961015
98679
5622166
761035
66660
3888850
988790
3788851
438845
745481
11
2222
4444444
110
2109
22
143
1111110
99
2220
1111111
1061937
1111111
