67.80972450961724
0.5976215563702155
46.77771336928683
193.62938426394982
257.6361432379073
302.39471145091727
694.3715789784806
1312.7962665061896
1373.1469213197493
1268.2962024064113
1695.2431127404311
1833.57495074005
2206.1834409834323
1977.3315667004385
1746.9454684208972
2638.2876706198836
2592.4093248731915
2961.1810017003445
4778.362426110075
3663.8265833174655
4534.557869759006
5047.259901817948
5485.953383551331
5712.154710070109
0.5712154710070109
5602.590863762646
54.92587685278996
0.7853981633974483
27.98955807934353
5741.494804918114
1460.5223539563901
416.4160783641109
