1
74280915
0
30
999999
1
9339136
0
964500728
919
2
79881120
155695707
305826445
11
999999968
63045094
1
502606384
606368952
957757377
46210630
3065245
160724396
249398805
112922875
215
995324611
102817532
988435748
0
12791298
729885187
561886284
712432757
0
1
583103723
0
752034524
453899991
497295279
0
606695
252176906
900986492
293463623
0
0
0
0
0
0
0
0
0
0
0
0
0
0
0
0
998997760
866729335
267893633
989024786
388830591
378681417
922026758
0
502869195
0
674956729
