24
4692480
74141923072000
1801108000
1907993842944
4616640000
7316362080
8562415251600
30525665280
209689196945280
444914804935800
4445530880
22753689264
961002687608096
5199317841536
7796343520000
208847732870400
130335990502392
23465149879360
6769429520840
566290448640
2155943565240
13613200
40012560
17242028236800
2406813472700
259083702501120
158915324160
833169954320352
185925983724720
37730049745500
179169660115740
41462280
5302089263360
2928516360
5297010120
5098564800
1943389640301760
26475704070000
3487294720
477715248825000
472346443546912
188464054951404
13607032320
68405760
35315200
40237960139520
336
8808833880000
17024821793280
1067649858000
210201600
6720
32
7595552680374120
2101432964771840
