4
1
1225
1
3
64583
168
9420
465
4728
7783
132
1138862
6524
765790
351549
734
237
147
35
141044049
2796495743545
15329445832838
44617
4757717426
71771
175540553740
110
7
474380414263848
43
12
4903784
19
189
3397
913451
10529252
9462320934663752
461
5752005
188980848
761305760293876
4029386929968
53459276914630388
15734819733474
26349378
1600248
66913890482787
302264148195226
354019876642158
18415520351694236
34965179849
1964443222396
1690850760269308
4948770722157148
5834803841784360
4735794663165804
735117180482704
761316888721584
147519902109597
24462028021923946
55714945330330022
16726023513
25164471596521500
147519902109597
646475143167696
39166520188298994
4429759478
4975000553975848
68090790265439823
314403345046093
474380414264208
7585959247501861
6342769928297556
3
