256
11193888000
0
12800
842240
30374400
158273280
599895296
1834327040
4804346880
16489105920
33726640640
64541312000
116875699200
202022585856
335589076480
538630287360
838966374400
1272696660480
1885924624896
2736707517440
3897244359680
5456316096000
7521991656960
10224613697536
13720077772800
18193418713600
23862717964800
30983345648640
39852551115776
50814415746560
64265181765120
80658970828800
100513906155520
124418651951616
153039383902720
187127204490240
227526016896000
275180871257600
331146797037056
396598135265280
472838384424960
561310573734400
663608177594880
781486584964096
916875137418240
1071889749665280
1248846126272000
1450273588367360
1678929524084736
1937814476505600
2230187882867200
2559584478796800
2929831381335040
3345065864510976
3809753841231360
4328709065246720
4907113066956800
5550535836817920
6264957270114816
7056789386859520
7932899340579840
8900633229760000
9967840725696000
11142900530528256
12434746679214080
13852895699202560
15407474641574400
17109249997409280
18969657513143296
21000832918679040
23215643582010880
25627721104128000
28251494867957760
31102226555111936
