11
189
85309249
196637359
913434237
292342999
489606129
159528007
182965503
423199860
280622999
421246739
36481114
731793615
845074869
397809301
302119999
419294999
9137899
893902991
741560009
712262369
407574862
472027992
561871741
565778003
757190002
85309259
7184239
970074867
913436999
26779999
284530003
489606799
915387363
26715699
182965485
893903079
772809241
280621999
71699999
464215599
36481199
13099999
825543899
845074859
524762360
811871741
302106799
948600000
657575006
9137699
2000
2510000
774299940
867395770
999999999
399
5
676800000
94900000
888510000
99999
99999
999900000
19
2
3
102
9
999
10
7
234399999
2
7
8999
8
29
12
1029
9
2
12
5
19
5
6
300
