7
635471838
325178177
605395784
743588278
68531503
260490781
978034156
527858231
832417351
484041379
10969552
139873004
353266118
399430120
713103117
12278458
999007290
341421304
417652818
521314593
326324376
16796486
789934845
975434164
87919936
604025528
907885293
62615803
325924288
714636669
947678366
593564096
743081221
806673546
953951996
164584313
948244693
454843506
277950136
94576493
446921484
222936575
43426202
12711761
914179390
13926307
974445200
939928332
848343293
989589691
512755055
259652042
0
7
90
595702048
