282
50
999999996
32
270344636
989075999
235845444
175693749
235845444
789014897
367089643
367089643
284928151
796563719
151490215
1262560
175814602
30212
1760412
649413023
451875264
829991811
669252772
216208
32452298
877708854
39773876
617467728
658569996
106296747
1203984
14447980
2238418
75825489
306169432
33543068
1603966
350661911
50681021
24706432
346823628
74942820
3979794
260453379
488717208
460809260
46695630
52990933
473052140
2646432
172859769
846432594
67650
17907583
541482558
297713766
21736682
66611556
372697753
969991708
413957835
743596489
404772876
794552915
605233249
734621319
12096
3118
138647842
7293690
95642093
496801141
501133716
981139057
650072318
501133716
4
6
134
526013781
141947519
815135573
