0.8
0.0
0.5
0.8125
1.0
0.0018936548550000025
1.0
0.0
0.016661613445440003
0.9299999999999999
0.19694964000000004
0.07138800000000001
0.009185498471999998
0.0
0.0014100112800000016
0.5926900399999999
0.22381764480000005
0.21327832799999996
0.31727434752
0.0
0.11260409999999998
1.0
0.96849
0.525368934
0.6610752000000001
0.0
0.0
0.5493886551999999
0.8310000000000001
0.22410431999999997
0.9957999999999999
0.0
0.16359168000000002
0.3055053696
0.75929352
0.22062124000000002
0.24055456320000002
