0.6
0.0
0.0
0.25
1.0
0.0017610990151500023
1.0
0.0
0.007678060416000001
0.42779999999999996
0.05440500000000001
0.019418400000000002
0.006671279999999998
0.0
1.3411872000000012E-4
0.18235999999999994
0.047736000000000015
0.057432374999999994
0.16558272
0.0
0.0157122
0.96
0.8231999999999999
0.347616
0.4588960000000001
0.0
0.0
0.28938
0.5439999999999999
0.04517567999999998
0.8741999999999999
0.0
0.014994000000000014
0.10804248000000001
0.5109480000000001
0.07152816000000002
0.107406
0.5
1.0
0.09999999999999998
0.036000000000000004
