3.3
9.920000000000002
30.1275417548
2377.9005399656953
4577.367125202294
3.2117967730802522E22
1.1117759783161546E32
6.659177462025523E32
1.208203486676352E35
2.2695206198296655E33
7.18099419
28.995325710909377
43.32142020814632
2.4303239984918674E11
4971552.856178601
4.146299122874238E13
3.52866020868071E13
26.997613661499997
199.0058515062333
45690.989686846086
2.0378984047455966E35
1.7602397563718205E21
2.9455887589144136E36
8.879587505842683E35
2.1007824176021692E36
8.47288609443E11
2.15438226627297843E18
6.9130776778567501E17
9.2180994417609712E16
2.06994140418049178E18
1.66351416515256346E18
1506401.8683900617
4.063263476189453E15
1.7225285273351366E14
227176.64744635238
4969.967217600001
52.699999999999996
5.472489787062014E39
1.6538515165304897E12
2.0469078107307165E24
2485858.27845893
1.8389612805791055E13
3.202334266865656E15
4.924917310209855E34
9.986166742701874E23
455.58975000000004
4.800000000000001
50.660833778595745
3.3
5.27
2.6380481377041112E16
8.75
10.5
290.94231634777225
1.8434552506188637E29
9.920000000000002
147.91746816
64.14209999999999
19.38
5.27
2.338469535501179E7
1.90752370838580384E17
9.291585678854647E19
409.8599999999999
3230.8833144467967
1.2256835648925861E20
648.5864616000001
1.2600000000000002E31
10.889999999999999
3.6
3169084.2096645557
9.920000000000002
961.0000000000001
184.81500000000003
8.049999999999999
18.6
6.25
7701.74472375
293.44338624708115
28.749000000000002
1156.0
9.920000000000002
1.2115935687505805E26
1.9812407306028008E13
3.5
72.41949
16.200000000000003
4.0
261.86195014199996
23.2
3.896173043703714E19
6.0
10.889999999999999
37.8
3.1554436208840475E19
4.6310497824625134E7
17.64
1.3719111305822444E29
10.5
713.7984733183999
3.202334266865656E15
550.5896892345253
422505.6528546414
18.75
8.47288609443E11
5.44
30.0
13.5837
4.0
9.920000000000002
12.209999999999999
12.320099999999998
10.8
57.0
804913.2
7.0247
220.65677200000002
40.0
6.191519147499999
1.2378547509826853E14
25.229999999999997
12.250700010000001
43.748351047438135
5939.999999999999
4.6359
