0.014880952380952378
0.11562305130385474
0.11054687499999998
0.028885315049831665
0.03542405648787763
0.024331436050403495
0.028448193160877974
0.0333697760016695
0.02824163805763682
0.031457656108843185
0.0
0.0
0.0
0.0
0.0
0.02230386821759239
0.022892915216855023
0.02332385489469141
0.0223855456367634
0.02175548808646403
0.0
0.6577909270216961
0.02238533610274826
0.0200000000000089
0.014880952380952378
0.10396825396825396
1.0
0.13597883597883603
0.12470907029478458
0.125
1.0
0.2
