4.724111866969009E-5
0.047082056525158976
0.07195682098765432
0.008962170085311234
2.2296117927352875E-6
0.029379983499047465
7.951979929161598E-6
0.007700142975775283
0.02247476792050709
0.0080147948635035
0.0038566888196671528
0.003461891546683289
0.015965509437686872
0.005563344413443235
0.014181095075945518
0.007135987298226865
0.014811477214552721
2.7504576752006604E-13
1.1127041850230152E-15
0.0
0.0013947802299057272
9.519322723899968E-4
0.0036804386329718154
0.18089040497587602
0.9999999999999991
0.0038566888196671528
0.1111111111111111
0.003818334550212905
0.005443894058673988
0.002919018398370961
0.003955642040574671
0.004806705925643168
