40.0
80.0
250.0
234.91942002527782
257.0
174.0
181.91892881334365
353.3985119783001
223.0
244.8833181080845
212.37160610673163
226.0
290.0
263.0
243.57007934587148
180.0
272.3839740592175
248.41560523183512
338.99852939904315
222.62939486210144
233.35068667255564
308.8979262054661
196.0
243.99999965556202
415.0
418.575090861993
404.5157914992508
298.0
9.0
900.0
1124.0
153.99295731584547
190.1091975777134
24.0
24.954356057317852
8.23606797749979
445.4741645808863
62.0
